<?xml version="1.0" encoding="UTF-8"?>
<testng-results ignored="0" total="1" passed="1" failed="0" skipped="0">
  <reporter-output>
  </reporter-output>
  <suite started-at="2021-10-19T00:43:57 IST" name="Default suite" finished-at="2021-10-19T00:43:57 IST" duration-ms="35">
    <groups>
    </groups>
    <test started-at="2021-10-19T00:43:57 IST" name="Default test" finished-at="2021-10-19T00:43:57 IST" duration-ms="35">
      <class name="com.crm.orgtest.SampleTest">
        <test-method signature="getMvnDatatest()[pri:0, instance:com.crm.orgtest.SampleTest@7b02881e]" started-at="2021-10-19T00:43:57 IST" name="getMvnDatatest" finished-at="2021-10-19T00:43:57 IST" duration-ms="7" status="PASS">
          <reporter-output>
          </reporter-output>
        </test-method> <!-- getMvnDatatest -->
      </class> <!-- com.crm.orgtest.SampleTest -->
    </test> <!-- Default test -->
  </suite> <!-- Default suite -->
</testng-results>
